Determining if the pthread_create exist failed with the following output:
Change Dir: /home/casch/catkin_ws/build/CMakeFiles/CMakeTmp

Run Build Command:"/usr/bin/make" "cmTC_ed97d/fast"
/usr/bin/make -f CMakeFiles/cmTC_ed97d.dir/build.make CMakeFiles/cmTC_ed97d.dir/build
make[1]: Entering directory '/home/casch/catkin_ws/build/CMakeFiles/CMakeTmp'
Building C object CMakeFiles/cmTC_ed97d.dir/CheckSymbolExists.c.o
/usr/bin/cc    -o CMakeFiles/cmTC_ed97d.dir/CheckSymbolExists.c.o   -c /home/casch/catkin_ws/build/CMakeFiles/CMakeTmp/CheckSymbolExists.c
Linking C executable cmTC_ed97d
/usr/bin/cmake -E cmake_link_script CMakeFiles/cmTC_ed97d.dir/link.txt --verbose=1
/usr/bin/cc      -rdynamic CMakeFiles/cmTC_ed97d.dir/CheckSymbolExists.c.o  -o cmTC_ed97d 
CMakeFiles/cmTC_ed97d.dir/CheckSymbolExists.c.o: In function `main':
CheckSymbolExists.c:(.text+0x1b): undefined reference to `pthread_create'
collect2: error: ld returned 1 exit status
CMakeFiles/cmTC_ed97d.dir/build.make:97: recipe for target 'cmTC_ed97d' failed
make[1]: *** [cmTC_ed97d] Error 1
make[1]: Leaving directory '/home/casch/catkin_ws/build/CMakeFiles/CMakeTmp'
Makefile:126: recipe for target 'cmTC_ed97d/fast' failed
make: *** [cmTC_ed97d/fast] Error 2

File /home/casch/catkin_ws/build/CMakeFiles/CMakeTmp/CheckSymbolExists.c:
/* */
#include <pthread.h>

int main(int argc, char** argv)
{
  (void)argv;
#ifndef pthread_create
  return ((int*)(&pthread_create))[argc];
#else
  (void)argc;
  return 0;
#endif
}

Determining if the function pthread_create exists in the pthreads failed with the following output:
Change Dir: /home/casch/catkin_ws/build/CMakeFiles/CMakeTmp

Run Build Command:"/usr/bin/make" "cmTC_98544/fast"
/usr/bin/make -f CMakeFiles/cmTC_98544.dir/build.make CMakeFiles/cmTC_98544.dir/build
make[1]: Entering directory '/home/casch/catkin_ws/build/CMakeFiles/CMakeTmp'
Building C object CMakeFiles/cmTC_98544.dir/CheckFunctionExists.c.o
/usr/bin/cc   -DCHECK_FUNCTION_EXISTS=pthread_create   -o CMakeFiles/cmTC_98544.dir/CheckFunctionExists.c.o   -c /usr/share/cmake-3.10/Modules/CheckFunctionExists.c
Linking C executable cmTC_98544
/usr/bin/cmake -E cmake_link_script CMakeFiles/cmTC_98544.dir/link.txt --verbose=1
/usr/bin/cc  -DCHECK_FUNCTION_EXISTS=pthread_create    -rdynamic CMakeFiles/cmTC_98544.dir/CheckFunctionExists.c.o  -o cmTC_98544 -lpthreads 
/usr/bin/ld: cannot find -lpthreads
collect2: error: ld returned 1 exit status
CMakeFiles/cmTC_98544.dir/build.make:97: recipe for target 'cmTC_98544' failed
make[1]: *** [cmTC_98544] Error 1
make[1]: Leaving directory '/home/casch/catkin_ws/build/CMakeFiles/CMakeTmp'
Makefile:126: recipe for target 'cmTC_98544/fast' failed
make: *** [cmTC_98544/fast] Error 2


Determining if files glib/gregex.h exist failed with the following output:
Change Dir: /home/casch/catkin_ws/build/CMakeFiles/CMakeTmp

Run Build Command:"/usr/bin/make" "cmTC_6959e/fast"
make[1]: Entering directory '/home/casch/catkin_ws/build/CMakeFiles/CMakeTmp'
/usr/bin/make -f CMakeFiles/cmTC_6959e.dir/build.make CMakeFiles/cmTC_6959e.dir/build
make[2]: Entering directory '/home/casch/catkin_ws/build/CMakeFiles/CMakeTmp'
Building C object CMakeFiles/cmTC_6959e.dir/CheckIncludeFiles.c.o
/usr/bin/cc  -I/usr/include/glib-2.0 -I/usr/lib/x86_64-linux-gnu/glib-2.0/include   -o CMakeFiles/cmTC_6959e.dir/CheckIncludeFiles.c.o   -c /home/casch/catkin_ws/build/CMakeFiles/CMakeTmp/CheckIncludeFiles.c
In file included from /home/casch/catkin_ws/build/CMakeFiles/CMakeTmp/CheckIncludeFiles.c:2:0:
/usr/include/glib-2.0/glib/gregex.h:25:2: error: #error "Only <glib.h> can be included directly."
 #error "Only <glib.h> can be included directly."
  ^~~~~
In file included from /usr/include/glib-2.0/glib/gregex.h:28:0,
                 from /home/casch/catkin_ws/build/CMakeFiles/CMakeTmp/CheckIncludeFiles.c:2:
/usr/include/glib-2.0/glib/gerror.h:23:2: error: #error "Only <glib.h> can be included directly."
 #error "Only <glib.h> can be included directly."
  ^~~~~
In file included from /usr/include/glib-2.0/glib/gerror.h:28:0,
                 from /usr/include/glib-2.0/glib/gregex.h:28,
                 from /home/casch/catkin_ws/build/CMakeFiles/CMakeTmp/CheckIncludeFiles.c:2:
/usr/include/glib-2.0/glib/gquark.h:29:2: error: #error "Only <glib.h> can be included directly."
 #error "Only <glib.h> can be included directly."
  ^~~~~
In file included from /usr/include/glib-2.0/glib/gquark.h:32:0,
                 from /usr/include/glib-2.0/glib/gerror.h:28,
                 from /usr/include/glib-2.0/glib/gregex.h:28,
                 from /home/casch/catkin_ws/build/CMakeFiles/CMakeTmp/CheckIncludeFiles.c:2:
/usr/include/glib-2.0/glib/gtypes.h:29:2: error: #error "Only <glib.h> can be included directly."
 #error "Only <glib.h> can be included directly."
  ^~~~~
In file included from /usr/lib/x86_64-linux-gnu/glib-2.0/include/glibconfig.h:9:0,
                 from /usr/include/glib-2.0/glib/gtypes.h:32,
                 from /usr/include/glib-2.0/glib/gquark.h:32,
                 from /usr/include/glib-2.0/glib/gerror.h:28,
                 from /usr/include/glib-2.0/glib/gregex.h:28,
                 from /home/casch/catkin_ws/build/CMakeFiles/CMakeTmp/CheckIncludeFiles.c:2:
/usr/include/glib-2.0/glib/gmacros.h:33:2: error: #error "Only <glib.h> can be included directly."
 #error "Only <glib.h> can be included directly."
  ^~~~~
In file included from /usr/include/glib-2.0/glib/gtypes.h:34:0,
                 from /usr/include/glib-2.0/glib/gquark.h:32,
                 from /usr/include/glib-2.0/glib/gerror.h:28,
                 from /usr/include/glib-2.0/glib/gregex.h:28,
                 from /home/casch/catkin_ws/build/CMakeFiles/CMakeTmp/CheckIncludeFiles.c:2:
/usr/include/glib-2.0/glib/gversionmacros.h:29:2: error: #error "Only <glib.h> can be included directly."
 #error "Only <glib.h> can be included directly."
  ^~~~~
In file included from /usr/include/glib-2.0/glib/gregex.h:29:0,
                 from /home/casch/catkin_ws/build/CMakeFiles/CMakeTmp/CheckIncludeFiles.c:2:
/usr/include/glib-2.0/glib/gstring.h:29:2: error: #error "Only <glib.h> can be included directly."
 #error "Only <glib.h> can be included directly."
  ^~~~~
In file included from /usr/include/glib-2.0/glib/gstring.h:33:0,
                 from /usr/include/glib-2.0/glib/gregex.h:29,
                 from /home/casch/catkin_ws/build/CMakeFiles/CMakeTmp/CheckIncludeFiles.c:2:
/usr/include/glib-2.0/glib/gunicode.h:24:2: error: #error "Only <glib.h> can be included directly."
 #error "Only <glib.h> can be included directly."
  ^~~~~
In file included from /usr/include/glib-2.0/glib/gstring.h:34:0,
                 from /usr/include/glib-2.0/glib/gregex.h:29,
                 from /home/casch/catkin_ws/build/CMakeFiles/CMakeTmp/CheckIncludeFiles.c:2:
/usr/include/glib-2.0/glib/gbytes.h:26:2: error: #error "Only <glib.h> can be included directly."
 #error "Only <glib.h> can be included directly."
  ^~~~~
In file included from /usr/include/glib-2.0/glib/gbytes.h:30:0,
                 from /usr/include/glib-2.0/glib/gstring.h:34,
                 from /usr/include/glib-2.0/glib/gregex.h:29,
                 from /home/casch/catkin_ws/build/CMakeFiles/CMakeTmp/CheckIncludeFiles.c:2:
/usr/include/glib-2.0/glib/garray.h:29:2: error: #error "Only <glib.h> can be included directly."
 #error "Only <glib.h> can be included directly."
  ^~~~~
In file included from /usr/include/glib-2.0/glib/gstring.h:35:0,
                 from /usr/include/glib-2.0/glib/gregex.h:29,
                 from /home/casch/catkin_ws/build/CMakeFiles/CMakeTmp/CheckIncludeFiles.c:2:
/usr/include/glib-2.0/glib/gutils.h:29:2: error: #error "Only <glib.h> can be included directly."
 #error "Only <glib.h> can be included directly."
  ^~~~~
CMakeFiles/cmTC_6959e.dir/build.make:65: recipe for target 'CMakeFiles/cmTC_6959e.dir/CheckIncludeFiles.c.o' failed
make[2]: *** [CMakeFiles/cmTC_6959e.dir/CheckIncludeFiles.c.o] Error 1
make[2]: Leaving directory '/home/casch/catkin_ws/build/CMakeFiles/CMakeTmp'
Makefile:126: recipe for target 'cmTC_6959e/fast' failed
make[1]: *** [cmTC_6959e/fast] Error 2
make[1]: Leaving directory '/home/casch/catkin_ws/build/CMakeFiles/CMakeTmp'

Source:
/* */
#include <glib/gregex.h>


int main(void){return 0;}

